{"/Users/dgrozdev/Project/other/map/pins/src/components/Connector/index.tsx": {"path":"/Users/dgrozdev/Project/other/map/pins/src/components/Connector/index.tsx","statementMap":{"0":{"start":{"line":4,"column":18},"end":{"line":51,"column":1}},"1":{"start":{"line":5,"column":58},"end":{"line":5,"column":71}},"2":{"start":{"line":7,"column":2},"end":{"line":50,"column":4}},"3":{"start":{"line":30,"column":12},"end":{"line":45,"column":19}},"4":{"start":{"line":53,"column":15},"end":{"line":88,"column":2}}},"fnMap":{"0":{"name":"(anonymous_0)","decl":{"start":{"line":4,"column":18},"end":{"line":4,"column":19}},"loc":{"start":{"line":4,"column":46},"end":{"line":51,"column":1}},"line":4},"1":{"name":"(anonymous_1)","decl":{"start":{"line":23,"column":10},"end":{"line":23,"column":11}},"loc":{"start":{"line":30,"column":12},"end":{"line":45,"column":19}},"line":30}},"branchMap":{"0":{"loc":{"start":{"line":34,"column":20},"end":{"line":36,"column":40}},"type":"cond-expr","locations":[{"start":{"line":35,"column":24},"end":{"line":35,"column":42}},{"start":{"line":36,"column":24},"end":{"line":36,"column":40}}],"line":34}},"s":{"0":1,"1":1,"2":1,"3":2,"4":1},"f":{"0":1,"1":2},"b":{"0":[1,1]},"_coverageSchema":"1a1c01bbd47fc00a2c39e90264f33305004495a9","hash":"c3778f2e16ef1ecc3b4b55e458b3c0b4d04c4fef"}
}
